2025-06-09 20:58:45,496 INFO: Todo API startup [in /Users/kaustubh/pro-todo/backend/flask-todo-api/src/app.py:28]
2025-06-09 20:59:02,994 INFO: Todo API startup [in /Users/kaustubh/pro-todo/backend/flask-todo-api/src/app.py:28]
2025-06-09 20:59:03,160 INFO: Todo API startup [in /Users/kaustubh/pro-todo/backend/flask-todo-api/src/app.py:28]
2025-06-09 21:04:15,776 INFO: Todo API startup [in /Users/kaustubh/pro-todo/backend/flask-todo-api/src/app.py:28]
2025-06-09 21:04:36,271 INFO: Todo API startup [in /Users/kaustubh/pro-todo/backend/flask-todo-api/src/app.py:28]
2025-06-09 21:06:03,628 INFO: Todo API startup [in /Users/kaustubh/pro-todo/backend/flask-todo-api/src/app.py:28]
2025-06-09 21:06:30,587 INFO: Todo API startup [in /Users/kaustubh/pro-todo/backend/flask-todo-api/src/app.py:28]
2025-06-09 21:06:30,752 INFO: Todo API startup [in /Users/kaustubh/pro-todo/backend/flask-todo-api/src/app.py:28]
2025-06-09 21:07:21,611 INFO: Todo API startup [in /Users/kaustubh/pro-todo/backend/flask-todo-api/src/app.py:28]
2025-06-09 21:08:34,852 INFO: Todo API startup [in /Users/kaustubh/pro-todo/backend/flask-todo-api/src/app.py:28]
2025-06-09 21:09:01,593 INFO: Todo API startup [in /Users/kaustubh/pro-todo/backend/flask-todo-api/src/app.py:28]
2025-06-09 21:09:01,763 INFO: Todo API startup [in /Users/kaustubh/pro-todo/backend/flask-todo-api/src/app.py:28]
2025-06-09 21:09:10,622 INFO: Retrieving all todos [in /Users/kaustubh/pro-todo/backend/flask-todo-api/src/routes/todos.py:27]
2025-06-09 21:09:17,939 INFO: Retrieving all todos [in /Users/kaustubh/pro-todo/backend/flask-todo-api/src/routes/todos.py:27]
2025-06-09 21:09:17,942 INFO: Retrieving all todos [in /Users/kaustubh/pro-todo/backend/flask-todo-api/src/routes/todos.py:27]
2025-06-09 21:09:20,717 INFO: Deleting todo with id 1 [in /Users/kaustubh/pro-todo/backend/flask-todo-api/src/routes/todos.py:100]
2025-06-09 21:09:20,720 INFO: Successfully deleted todo 1 [in /Users/kaustubh/pro-todo/backend/flask-todo-api/src/routes/todos.py:108]
2025-06-09 21:09:29,245 INFO: Creating new todo [in /Users/kaustubh/pro-todo/backend/flask-todo-api/src/routes/todos.py:37]
2025-06-09 21:09:29,249 INFO: Created todo with id 1 [in /Users/kaustubh/pro-todo/backend/flask-todo-api/src/routes/todos.py:43]
2025-06-09 21:09:33,754 INFO: Updating todo with id 1 [in /Users/kaustubh/pro-todo/backend/flask-todo-api/src/routes/todos.py:70]
2025-06-09 21:09:33,760 INFO: Successfully updated todo 1 [in /Users/kaustubh/pro-todo/backend/flask-todo-api/src/routes/todos.py:93]
2025-06-09 21:09:36,419 INFO: Updating todo with id 1 [in /Users/kaustubh/pro-todo/backend/flask-todo-api/src/routes/todos.py:70]
2025-06-09 21:09:36,424 INFO: Successfully updated todo 1 [in /Users/kaustubh/pro-todo/backend/flask-todo-api/src/routes/todos.py:93]
2025-06-09 21:09:37,887 INFO: Deleting todo with id 1 [in /Users/kaustubh/pro-todo/backend/flask-todo-api/src/routes/todos.py:100]
2025-06-09 21:09:37,891 INFO: Successfully deleted todo 1 [in /Users/kaustubh/pro-todo/backend/flask-todo-api/src/routes/todos.py:108]
2025-06-09 21:10:46,155 INFO: Retrieving all todos [in /Users/kaustubh/pro-todo/backend/flask-todo-api/src/routes/todos.py:27]
2025-06-09 21:11:17,723 INFO: Retrieving all todos [in /Users/kaustubh/pro-todo/backend/flask-todo-api/src/routes/todos.py:27]
2025-06-09 21:11:17,724 INFO: Retrieving all todos [in /Users/kaustubh/pro-todo/backend/flask-todo-api/src/routes/todos.py:27]
2025-06-09 21:15:32,300 INFO: Todo API startup [in /Users/kaustubh/pro-todo/backend/flask-todo-api/src/app.py:28]
2025-06-09 21:16:13,837 INFO: Retrieving all todos [in /Users/kaustubh/pro-todo/backend/flask-todo-api/src/routes/todos.py:27]
2025-06-09 21:16:13,844 INFO: Retrieving all todos [in /Users/kaustubh/pro-todo/backend/flask-todo-api/src/routes/todos.py:27]
2025-06-09 21:16:47,445 INFO: Retrieving all todos [in /Users/kaustubh/pro-todo/backend/flask-todo-api/src/routes/todos.py:27]
2025-06-09 21:16:47,446 INFO: Retrieving all todos [in /Users/kaustubh/pro-todo/backend/flask-todo-api/src/routes/todos.py:27]
2025-06-09 21:17:38,546 INFO: Retrieving all todos [in /Users/kaustubh/pro-todo/backend/flask-todo-api/src/routes/todos.py:27]
2025-06-09 21:17:38,549 INFO: Retrieving all todos [in /Users/kaustubh/pro-todo/backend/flask-todo-api/src/routes/todos.py:27]
2025-06-09 21:18:25,284 INFO: Retrieving all todos [in /Users/kaustubh/pro-todo/backend/flask-todo-api/src/routes/todos.py:27]
2025-06-09 21:18:25,286 INFO: Retrieving all todos [in /Users/kaustubh/pro-todo/backend/flask-todo-api/src/routes/todos.py:27]
2025-06-09 21:18:49,846 INFO: Retrieving all todos [in /Users/kaustubh/pro-todo/backend/flask-todo-api/src/routes/todos.py:27]
2025-06-09 21:18:49,847 INFO: Retrieving all todos [in /Users/kaustubh/pro-todo/backend/flask-todo-api/src/routes/todos.py:27]
2025-06-09 21:19:50,912 INFO: Retrieving all todos [in /Users/kaustubh/pro-todo/backend/flask-todo-api/src/routes/todos.py:27]
2025-06-09 21:19:50,913 INFO: Retrieving all todos [in /Users/kaustubh/pro-todo/backend/flask-todo-api/src/routes/todos.py:27]
2025-06-09 21:20:56,223 INFO: Retrieving all todos [in /Users/kaustubh/pro-todo/backend/flask-todo-api/src/routes/todos.py:27]
2025-06-09 21:20:56,224 INFO: Retrieving all todos [in /Users/kaustubh/pro-todo/backend/flask-todo-api/src/routes/todos.py:27]
2025-06-09 21:22:13,100 INFO: Retrieving all todos [in /Users/kaustubh/pro-todo/backend/flask-todo-api/src/routes/todos.py:27]
2025-06-09 21:22:13,102 INFO: Retrieving all todos [in /Users/kaustubh/pro-todo/backend/flask-todo-api/src/routes/todos.py:27]
2025-06-09 21:26:07,249 INFO: Retrieving all todos [in /Users/kaustubh/pro-todo/backend/flask-todo-api/src/routes/todos.py:27]
2025-06-09 21:26:07,251 INFO: Retrieving all todos [in /Users/kaustubh/pro-todo/backend/flask-todo-api/src/routes/todos.py:27]
2025-06-09 21:26:48,727 INFO: Retrieving all todos [in /Users/kaustubh/pro-todo/backend/flask-todo-api/src/routes/todos.py:27]
2025-06-09 21:26:48,728 INFO: Retrieving all todos [in /Users/kaustubh/pro-todo/backend/flask-todo-api/src/routes/todos.py:27]
2025-06-09 21:29:51,150 INFO: Retrieving all todos [in /Users/kaustubh/pro-todo/backend/flask-todo-api/src/routes/todos.py:27]
2025-06-09 21:31:15,687 INFO: Creating new todo [in /Users/kaustubh/pro-todo/backend/flask-todo-api/src/routes/todos.py:37]
2025-06-09 21:31:15,693 INFO: Created todo with id 1 [in /Users/kaustubh/pro-todo/backend/flask-todo-api/src/routes/todos.py:43]
2025-06-09 21:31:17,798 INFO: Updating todo with id 1 [in /Users/kaustubh/pro-todo/backend/flask-todo-api/src/routes/todos.py:70]
2025-06-09 21:31:17,807 INFO: Successfully updated todo 1 [in /Users/kaustubh/pro-todo/backend/flask-todo-api/src/routes/todos.py:93]
2025-06-09 21:31:19,742 INFO: Deleting todo with id 1 [in /Users/kaustubh/pro-todo/backend/flask-todo-api/src/routes/todos.py:100]
2025-06-09 21:31:19,744 INFO: Successfully deleted todo 1 [in /Users/kaustubh/pro-todo/backend/flask-todo-api/src/routes/todos.py:108]
2025-06-09 21:31:27,744 INFO: Retrieving all todos [in /Users/kaustubh/pro-todo/backend/flask-todo-api/src/routes/todos.py:27]
2025-06-09 21:31:27,748 INFO: Retrieving all todos [in /Users/kaustubh/pro-todo/backend/flask-todo-api/src/routes/todos.py:27]
2025-06-09 21:32:20,863 INFO: Retrieving all todos [in /Users/kaustubh/pro-todo/backend/flask-todo-api/src/routes/todos.py:27]
2025-06-09 21:33:23,848 INFO: Retrieving all todos [in /Users/kaustubh/pro-todo/backend/flask-todo-api/src/routes/todos.py:27]
2025-06-09 21:33:23,850 INFO: Retrieving all todos [in /Users/kaustubh/pro-todo/backend/flask-todo-api/src/routes/todos.py:27]
2025-06-09 21:33:36,474 INFO: Retrieving all todos [in /Users/kaustubh/pro-todo/backend/flask-todo-api/src/routes/todos.py:27]
2025-06-09 21:33:36,477 INFO: Retrieving all todos [in /Users/kaustubh/pro-todo/backend/flask-todo-api/src/routes/todos.py:27]
2025-06-09 21:33:37,038 INFO: Retrieving all todos [in /Users/kaustubh/pro-todo/backend/flask-todo-api/src/routes/todos.py:27]
2025-06-09 21:33:37,040 INFO: Retrieving all todos [in /Users/kaustubh/pro-todo/backend/flask-todo-api/src/routes/todos.py:27]
2025-06-09 21:33:37,179 INFO: Retrieving all todos [in /Users/kaustubh/pro-todo/backend/flask-todo-api/src/routes/todos.py:27]
2025-06-09 21:33:37,181 INFO: Retrieving all todos [in /Users/kaustubh/pro-todo/backend/flask-todo-api/src/routes/todos.py:27]
2025-06-09 21:33:37,330 INFO: Retrieving all todos [in /Users/kaustubh/pro-todo/backend/flask-todo-api/src/routes/todos.py:27]
2025-06-09 21:33:37,332 INFO: Retrieving all todos [in /Users/kaustubh/pro-todo/backend/flask-todo-api/src/routes/todos.py:27]
2025-06-09 21:34:22,145 INFO: Retrieving all todos [in /Users/kaustubh/pro-todo/backend/flask-todo-api/src/routes/todos.py:27]
2025-06-09 21:34:22,151 INFO: Retrieving all todos [in /Users/kaustubh/pro-todo/backend/flask-todo-api/src/routes/todos.py:27]
