2025-06-11 11:24:43,438 INFO: Retrieving all todos [in /Users/kaustubh/pro-todo/backend/flask-todo-api/src/routes/todos.py:27]
2025-06-11 11:24:43,440 INFO: Retrieving all todos [in /Users/kaustubh/pro-todo/backend/flask-todo-api/src/routes/todos.py:27]
2025-06-11 11:26:49,891 INFO: Retrieving all todos [in /Users/kaustubh/pro-todo/backend/flask-todo-api/src/routes/todos.py:27]
2025-06-11 11:26:49,893 INFO: Retrieving all todos [in /Users/kaustubh/pro-todo/backend/flask-todo-api/src/routes/todos.py:27]
2025-06-11 11:29:12,764 INFO: Retrieving all todos [in /Users/kaustubh/pro-todo/backend/flask-todo-api/src/routes/todos.py:27]
2025-06-11 11:29:12,767 INFO: Retrieving all todos [in /Users/kaustubh/pro-todo/backend/flask-todo-api/src/routes/todos.py:27]
2025-06-11 11:38:59,350 INFO: Todo API startup [in /Users/kaustubh/pro-todo/backend/flask-todo-api/src/app.py:28]
2025-06-11 11:38:59,543 INFO: Todo API startup [in /Users/kaustubh/pro-todo/backend/flask-todo-api/src/app.py:28]
2025-06-11 11:39:18,510 INFO: Retrieving all todos [in /Users/kaustubh/pro-todo/backend/flask-todo-api/src/routes/todos.py:27]
2025-06-11 11:39:18,513 INFO: Retrieving all todos [in /Users/kaustubh/pro-todo/backend/flask-todo-api/src/routes/todos.py:27]
2025-06-11 11:39:45,614 INFO: Retrieving all todos [in /Users/kaustubh/pro-todo/backend/flask-todo-api/src/routes/todos.py:27]
2025-06-11 11:39:45,622 INFO: Retrieving all todos [in /Users/kaustubh/pro-todo/backend/flask-todo-api/src/routes/todos.py:27]
2025-06-11 11:48:56,254 INFO: Todo API startup [in /Users/kaustubh/pro-todo/backend/flask-todo-api/src/app.py:28]
2025-06-11 11:48:56,471 INFO: Todo API startup [in /Users/kaustubh/pro-todo/backend/flask-todo-api/src/app.py:28]
2025-06-11 11:49:11,636 INFO: Retrieving all todos [in /Users/kaustubh/pro-todo/backend/flask-todo-api/src/routes/todos.py:27]
2025-06-11 11:49:11,640 INFO: Retrieving all todos [in /Users/kaustubh/pro-todo/backend/flask-todo-api/src/routes/todos.py:27]
2025-06-11 11:49:18,484 INFO: Creating new todo [in /Users/kaustubh/pro-todo/backend/flask-todo-api/src/routes/todos.py:37]
2025-06-11 11:49:18,490 INFO: Created todo with id 1 [in /Users/kaustubh/pro-todo/backend/flask-todo-api/src/routes/todos.py:43]
2025-06-11 11:49:20,411 INFO: Deleting todo with id 1 [in /Users/kaustubh/pro-todo/backend/flask-todo-api/src/routes/todos.py:100]
2025-06-11 11:49:20,415 INFO: Successfully deleted todo 1 [in /Users/kaustubh/pro-todo/backend/flask-todo-api/src/routes/todos.py:108]
2025-06-11 11:51:52,234 INFO: Todo API startup [in /Users/kaustubh/pro-todo/backend/flask-todo-api/src/app.py:28]
2025-06-11 11:51:52,424 INFO: Todo API startup [in /Users/kaustubh/pro-todo/backend/flask-todo-api/src/app.py:28]
2025-06-11 11:52:05,749 INFO: Retrieving all todos [in /Users/kaustubh/pro-todo/backend/flask-todo-api/src/routes/todos.py:27]
2025-06-11 11:52:05,752 INFO: Retrieving all todos [in /Users/kaustubh/pro-todo/backend/flask-todo-api/src/routes/todos.py:27]
2025-06-11 11:57:58,945 INFO: Retrieving all todos [in /Users/kaustubh/pro-todo/backend/flask-todo-api/src/routes/todos.py:27]
2025-06-11 11:57:58,950 INFO: Retrieving all todos [in /Users/kaustubh/pro-todo/backend/flask-todo-api/src/routes/todos.py:27]
2025-06-11 11:58:30,394 INFO: Retrieving all todos [in /Users/kaustubh/pro-todo/backend/flask-todo-api/src/routes/todos.py:27]
2025-06-11 11:58:30,397 INFO: Retrieving all todos [in /Users/kaustubh/pro-todo/backend/flask-todo-api/src/routes/todos.py:27]
2025-06-11 12:00:27,391 INFO: Retrieving all todos [in /Users/kaustubh/pro-todo/backend/flask-todo-api/src/routes/todos.py:27]
2025-06-11 12:00:28,052 INFO: Retrieving all todos [in /Users/kaustubh/pro-todo/backend/flask-todo-api/src/routes/todos.py:27]
2025-06-11 12:01:31,003 INFO: Retrieving all todos [in /Users/kaustubh/pro-todo/backend/flask-todo-api/src/routes/todos.py:27]
2025-06-11 12:01:31,053 INFO: Retrieving all todos [in /Users/kaustubh/pro-todo/backend/flask-todo-api/src/routes/todos.py:27]
2025-06-11 12:02:23,341 INFO: Retrieving all todos [in /Users/kaustubh/pro-todo/backend/flask-todo-api/src/routes/todos.py:27]
2025-06-11 12:02:23,343 INFO: Retrieving all todos [in /Users/kaustubh/pro-todo/backend/flask-todo-api/src/routes/todos.py:27]
2025-06-11 12:02:24,060 INFO: Retrieving all todos [in /Users/kaustubh/pro-todo/backend/flask-todo-api/src/routes/todos.py:27]
2025-06-11 12:02:24,065 INFO: Retrieving all todos [in /Users/kaustubh/pro-todo/backend/flask-todo-api/src/routes/todos.py:27]
2025-06-11 12:02:39,290 INFO: Creating new todo [in /Users/kaustubh/pro-todo/backend/flask-todo-api/src/routes/todos.py:37]
2025-06-11 12:02:39,295 INFO: Created todo with id 1 [in /Users/kaustubh/pro-todo/backend/flask-todo-api/src/routes/todos.py:43]
2025-06-11 12:02:58,812 INFO: Deleting todo with id 1 [in /Users/kaustubh/pro-todo/backend/flask-todo-api/src/routes/todos.py:100]
2025-06-11 12:02:58,822 INFO: Successfully deleted todo 1 [in /Users/kaustubh/pro-todo/backend/flask-todo-api/src/routes/todos.py:108]
2025-06-11 12:03:41,566 INFO: Todo API startup [in /Users/kaustubh/pro-todo/backend/flask-todo-api/src/app.py:28]
2025-06-11 12:03:41,769 INFO: Todo API startup [in /Users/kaustubh/pro-todo/backend/flask-todo-api/src/app.py:28]
2025-06-11 12:03:47,421 INFO: Retrieving all todos [in /Users/kaustubh/pro-todo/backend/flask-todo-api/src/routes/todos.py:27]
2025-06-11 12:03:47,425 INFO: Retrieving all todos [in /Users/kaustubh/pro-todo/backend/flask-todo-api/src/routes/todos.py:27]
2025-06-11 12:03:48,799 INFO: Retrieving all todos [in /Users/kaustubh/pro-todo/backend/flask-todo-api/src/routes/todos.py:27]
2025-06-11 12:03:48,803 INFO: Retrieving all todos [in /Users/kaustubh/pro-todo/backend/flask-todo-api/src/routes/todos.py:27]
2025-06-11 12:04:39,617 INFO: Todo API startup [in /Users/kaustubh/pro-todo/backend/flask-todo-api/src/app.py:28]
2025-06-11 12:04:39,818 INFO: Todo API startup [in /Users/kaustubh/pro-todo/backend/flask-todo-api/src/app.py:28]
2025-06-11 12:04:49,507 INFO: Retrieving all todos [in /Users/kaustubh/pro-todo/backend/flask-todo-api/src/routes/todos.py:27]
2025-06-11 12:04:49,513 INFO: Retrieving all todos [in /Users/kaustubh/pro-todo/backend/flask-todo-api/src/routes/todos.py:27]
2025-06-11 12:04:56,255 INFO: Retrieving all todos [in /Users/kaustubh/pro-todo/backend/flask-todo-api/src/routes/todos.py:27]
2025-06-11 12:04:56,257 INFO: Retrieving all todos [in /Users/kaustubh/pro-todo/backend/flask-todo-api/src/routes/todos.py:27]
2025-06-11 12:05:02,792 INFO: Creating new todo [in /Users/kaustubh/pro-todo/backend/flask-todo-api/src/routes/todos.py:37]
2025-06-11 12:05:02,796 INFO: Created todo with id 1 [in /Users/kaustubh/pro-todo/backend/flask-todo-api/src/routes/todos.py:43]
2025-06-11 12:05:38,820 INFO: Retrieving all todos [in /Users/kaustubh/pro-todo/backend/flask-todo-api/src/routes/todos.py:27]
2025-06-11 12:05:39,061 INFO: Retrieving all todos [in /Users/kaustubh/pro-todo/backend/flask-todo-api/src/routes/todos.py:27]
2025-06-11 12:05:46,882 INFO: Retrieving all todos [in /Users/kaustubh/pro-todo/backend/flask-todo-api/src/routes/todos.py:27]
2025-06-11 12:05:46,884 INFO: Retrieving all todos [in /Users/kaustubh/pro-todo/backend/flask-todo-api/src/routes/todos.py:27]
2025-06-11 12:05:47,057 INFO: Retrieving all todos [in /Users/kaustubh/pro-todo/backend/flask-todo-api/src/routes/todos.py:27]
2025-06-11 12:05:47,060 INFO: Retrieving all todos [in /Users/kaustubh/pro-todo/backend/flask-todo-api/src/routes/todos.py:27]
2025-06-11 12:05:55,564 INFO: Retrieving all todos [in /Users/kaustubh/pro-todo/backend/flask-todo-api/src/routes/todos.py:27]
2025-06-11 12:05:55,566 INFO: Retrieving all todos [in /Users/kaustubh/pro-todo/backend/flask-todo-api/src/routes/todos.py:27]
2025-06-11 12:05:56,059 INFO: Retrieving all todos [in /Users/kaustubh/pro-todo/backend/flask-todo-api/src/routes/todos.py:27]
2025-06-11 12:05:56,063 INFO: Retrieving all todos [in /Users/kaustubh/pro-todo/backend/flask-todo-api/src/routes/todos.py:27]
2025-06-11 12:06:02,930 INFO: Retrieving all todos [in /Users/kaustubh/pro-todo/backend/flask-todo-api/src/routes/todos.py:27]
2025-06-11 12:06:02,932 INFO: Retrieving all todos [in /Users/kaustubh/pro-todo/backend/flask-todo-api/src/routes/todos.py:27]
2025-06-11 12:06:03,055 INFO: Retrieving all todos [in /Users/kaustubh/pro-todo/backend/flask-todo-api/src/routes/todos.py:27]
2025-06-11 12:06:03,059 INFO: Retrieving all todos [in /Users/kaustubh/pro-todo/backend/flask-todo-api/src/routes/todos.py:27]
2025-06-11 12:22:28,140 INFO: Todo API startup [in /Users/kaustubh/pro-todo/backend/flask-todo-api/src/app.py:28]
2025-06-11 12:22:28,337 INFO: Todo API startup [in /Users/kaustubh/pro-todo/backend/flask-todo-api/src/app.py:28]
2025-06-11 12:24:48,882 INFO: Retrieving all todos [in /Users/kaustubh/pro-todo/backend/flask-todo-api/src/routes/todos.py:27]
2025-06-11 12:24:48,886 INFO: Retrieving all todos [in /Users/kaustubh/pro-todo/backend/flask-todo-api/src/routes/todos.py:27]
2025-06-11 12:24:50,358 INFO: Deleting todo with id 1 [in /Users/kaustubh/pro-todo/backend/flask-todo-api/src/routes/todos.py:100]
2025-06-11 12:24:50,371 INFO: Successfully deleted todo 1 [in /Users/kaustubh/pro-todo/backend/flask-todo-api/src/routes/todos.py:108]
2025-06-11 12:24:54,219 INFO: Creating new todo [in /Users/kaustubh/pro-todo/backend/flask-todo-api/src/routes/todos.py:37]
2025-06-11 12:24:54,226 INFO: Created todo with id 1 [in /Users/kaustubh/pro-todo/backend/flask-todo-api/src/routes/todos.py:43]
2025-06-11 12:25:59,678 INFO: Deleting todo with id 1 [in /Users/kaustubh/pro-todo/backend/flask-todo-api/src/routes/todos.py:100]
2025-06-11 12:25:59,683 INFO: Successfully deleted todo 1 [in /Users/kaustubh/pro-todo/backend/flask-todo-api/src/routes/todos.py:108]
